c:\users\uber_user\desktop\sdl2_template\sdl2_template\x64\debug\vc143.pdb
c:\users\uber_user\desktop\sdl2_template\sdl2_template\x64\debug\vc143.idb
c:\users\uber_user\desktop\sdl2_template\sdl2_template\x64\debug\window.obj
c:\users\uber_user\desktop\sdl2_template\sdl2_template\x64\debug\video.obj
c:\users\uber_user\desktop\sdl2_template\sdl2_template\x64\debug\net.obj
c:\users\uber_user\desktop\sdl2_template\sdl2_template\x64\debug\main.obj
c:\users\uber_user\desktop\sdl2_template\sdl2_template\x64\debug\input.obj
c:\users\uber_user\desktop\sdl2_template\sdl2_template\x64\debug\game.obj
c:\users\uber_user\desktop\sdl2_template\sdl2_template\x64\debug\seabattle.ilk
c:\users\uber_user\desktop\sdl2_template\x64\debug\seabattle.pdb
c:\users\uber_user\desktop\sdl2_template\sdl2_template\x64\debug\seabattle.tlog\cl.command.1.tlog
c:\users\uber_user\desktop\sdl2_template\sdl2_template\x64\debug\seabattle.tlog\cl.items.tlog
c:\users\uber_user\desktop\sdl2_template\sdl2_template\x64\debug\seabattle.tlog\cl.read.1.tlog
c:\users\uber_user\desktop\sdl2_template\sdl2_template\x64\debug\seabattle.tlog\cl.write.1.tlog
c:\users\uber_user\desktop\sdl2_template\sdl2_template\x64\debug\seabattle.tlog\link.9796-cvtres.read.1.tlog
c:\users\uber_user\desktop\sdl2_template\sdl2_template\x64\debug\seabattle.tlog\link.9796-cvtres.write.1.tlog
c:\users\uber_user\desktop\sdl2_template\sdl2_template\x64\debug\seabattle.tlog\link.9796-rc.read.1.tlog
c:\users\uber_user\desktop\sdl2_template\sdl2_template\x64\debug\seabattle.tlog\link.9796-rc.write.1.tlog
c:\users\uber_user\desktop\sdl2_template\sdl2_template\x64\debug\seabattle.tlog\link.9796.read.1.tlog
c:\users\uber_user\desktop\sdl2_template\sdl2_template\x64\debug\seabattle.tlog\link.9796.read.2.tlog
c:\users\uber_user\desktop\sdl2_template\sdl2_template\x64\debug\seabattle.tlog\link.9796.read.3.tlog
c:\users\uber_user\desktop\sdl2_template\sdl2_template\x64\debug\seabattle.tlog\link.9796.read.4.tlog
c:\users\uber_user\desktop\sdl2_template\sdl2_template\x64\debug\seabattle.tlog\link.9796.write.1.tlog
c:\users\uber_user\desktop\sdl2_template\sdl2_template\x64\debug\seabattle.tlog\link.command.1.tlog
c:\users\uber_user\desktop\sdl2_template\sdl2_template\x64\debug\seabattle.tlog\link.read.1.tlog
c:\users\uber_user\desktop\sdl2_template\sdl2_template\x64\debug\seabattle.tlog\link.secondary.1.tlog
c:\users\uber_user\desktop\sdl2_template\sdl2_template\x64\debug\seabattle.tlog\link.write.1.tlog
